<?xml version="1.0" encoding="UTF-8"?>
<!-- Generated by org.testng.reporters.JUnitReportReporter -->
<testsuite hostname="Naman" failures="0" tests="3" name="TestCases.Test" time="13.715" errors="0" timestamp="2023-04-23T23:34:05 IST" skipped="0">
  <testcase classname="TestCases.Test" name="login" time="5.590"/>
  <testcase classname="TestCases.Test" name="register" time="1.911"/>
  <testcase classname="TestCases.Test" name="forgot_login_info" time="6.214"/>
</testsuite> <!-- TestCases.Test -->
